TN:
SF:C:\Users\Hyounwoo\Documents\GitHub\cropchat\src\components\Hello.vue
FNF:0
FNH:0
DA:26,1
LF:1
LH:1
BRF:0
BRH:0
end_of_record
TN:
SF:C:\Users\Hyounwoo\Documents\GitHub\cropchat\src\App.vue
FNF:0
FNH:0
DA:64,0
LF:1
LH:0
BRF:0
BRH:0
end_of_record
TN:
SF:C:\Users\Hyounwoo\Documents\GitHub\cropchat\src\components\DetailView.vue
FNF:0
FNH:0
LF:0
LH:0
BRF:0
BRH:0
end_of_record
TN:
SF:C:\Users\Hyounwoo\Documents\GitHub\cropchat\src\components\HomeView.vue
FNF:0
FNH:0
LF:0
LH:0
BRF:0
BRH:0
end_of_record
TN:
SF:C:\Users\Hyounwoo\Documents\GitHub\cropchat\src\components\PostView.vue
FNF:0
FNH:0
LF:0
LH:0
BRF:0
BRH:0
end_of_record
TN:
SF:C:\Users\Hyounwoo\Documents\GitHub\cropchat\src\router\index.js
FNF:0
FNH:0
DA:7,1
LF:1
LH:1
BRF:0
BRH:0
end_of_record
